digraph Tree {
node [shape=box, style="filled, rounded", color="black", fontname=helvetica] ;
edge [fontname=helvetica] ;
0 [label="Account Balance <= 2.5\ngini = 0.42\nsamples = 1000\nvalue = [300, 700]\nclass = 1", fillcolor="#399de592"] ;
1 [label="Duration of Credit (month) <= 22.5\ngini = 0.4933\nsamples = 543\nvalue = [240, 303]\nclass = 1", fillcolor="#399de535"] ;
0 -> 1 [labeldistance=2.5, labelangle=45, headlabel="True"] ;
2 [label="Payment Status of Previous Credit <= 1.5\ngini = 0.4528\nsamples = 306\nvalue = [106, 200]\nclass = 1", fillcolor="#399de578"] ;
1 -> 2 ;
3 [label="gini = 0.375\nsamples = 28\nvalue = [21, 7]\nclass = 0", fillcolor="#e58139aa"] ;
2 -> 3 ;
4 [label="Duration of Credit (month) <= 11.5\ngini = 0.4245\nsamples = 278\nvalue = [85, 193]\nclass = 1", fillcolor="#399de58f"] ;
2 -> 4 ;
5 [label="gini = 0.2887\nsamples = 80\nvalue = [14, 66]\nclass = 1", fillcolor="#399de5c9"] ;
4 -> 5 ;
6 [label="gini = 0.46\nsamples = 198\nvalue = [71, 127]\nclass = 1", fillcolor="#399de570"] ;
4 -> 6 ;
7 [label="Value Savings/Stocks <= 3.5\ngini = 0.4914\nsamples = 237\nvalue = [134, 103]\nclass = 0", fillcolor="#e581393b"] ;
1 -> 7 ;
8 [label="Duration of Credit (month) <= 47.5\ngini = 0.47\nsamples = 196\nvalue = [122, 74]\nclass = 0", fillcolor="#e5813964"] ;
7 -> 8 ;
9 [label="gini = 0.4905\nsamples = 160\nvalue = [91, 69]\nclass = 0", fillcolor="#e581393e"] ;
8 -> 9 ;
10 [label="gini = 0.2392\nsamples = 36\nvalue = [31, 5]\nclass = 0", fillcolor="#e58139d6"] ;
8 -> 10 ;
11 [label="Length of current employment <= 3.5\ngini = 0.414\nsamples = 41\nvalue = [12, 29]\nclass = 1", fillcolor="#399de595"] ;
7 -> 11 ;
12 [label="gini = 0.32\nsamples = 20\nvalue = [4, 16]\nclass = 1", fillcolor="#399de5bf"] ;
11 -> 12 ;
13 [label="gini = 0.4717\nsamples = 21\nvalue = [8, 13]\nclass = 1", fillcolor="#399de562"] ;
11 -> 13 ;
14 [label="Length of current employment <= 3.5\ngini = 0.2281\nsamples = 457\nvalue = [60, 397]\nclass = 1", fillcolor="#399de5d8"] ;
0 -> 14 [labeldistance=2.5, labelangle=-45, headlabel="False"] ;
15 [label="Credit Amount <= 4158.0\ngini = 0.2966\nsamples = 243\nvalue = [44, 199]\nclass = 1", fillcolor="#399de5c7"] ;
14 -> 15 ;
16 [label="Purpose <= 4.5\ngini = 0.2235\nsamples = 195\nvalue = [25, 170]\nclass = 1", fillcolor="#399de5da"] ;
15 -> 16 ;
17 [label="gini = 0.178\nsamples = 162\nvalue = [16, 146]\nclass = 1", fillcolor="#399de5e3"] ;
16 -> 17 ;
18 [label="gini = 0.3967\nsamples = 33\nvalue = [9, 24]\nclass = 1", fillcolor="#399de59f"] ;
16 -> 18 ;
19 [label="No of Credits at this Bank <= 1.5\ngini = 0.4783\nsamples = 48\nvalue = [19, 29]\nclass = 1", fillcolor="#399de558"] ;
15 -> 19 ;
20 [label="gini = 0.3856\nsamples = 23\nvalue = [6, 17]\nclass = 1", fillcolor="#399de5a5"] ;
19 -> 20 ;
21 [label="gini = 0.4992\nsamples = 25\nvalue = [13, 12]\nclass = 0", fillcolor="#e5813914"] ;
19 -> 21 ;
22 [label="No of dependents <= 1.5\ngini = 0.1384\nsamples = 214\nvalue = [16, 198]\nclass = 1", fillcolor="#399de5ea"] ;
14 -> 22 ;
23 [label="Age (years) <= 31.5\ngini = 0.0887\nsamples = 172\nvalue = [8, 164]\nclass = 1", fillcolor="#399de5f3"] ;
22 -> 23 ;
24 [label="gini = 0.2112\nsamples = 50\nvalue = [6, 44]\nclass = 1", fillcolor="#399de5dc"] ;
23 -> 24 ;
25 [label="gini = 0.0322\nsamples = 122\nvalue = [2, 120]\nclass = 1", fillcolor="#399de5fb"] ;
23 -> 25 ;
26 [label="Credit Amount <= 1582.0\ngini = 0.3084\nsamples = 42\nvalue = [8, 34]\nclass = 1", fillcolor="#399de5c3"] ;
22 -> 26 ;
27 [label="gini = 0.42\nsamples = 20\nvalue = [6, 14]\nclass = 1", fillcolor="#399de592"] ;
26 -> 27 ;
28 [label="gini = 0.1653\nsamples = 22\nvalue = [2, 20]\nclass = 1", fillcolor="#399de5e6"] ;
26 -> 28 ;
}