digraph Tree {
node [shape=box, style="filled, rounded", color="black", fontname=helvetica] ;
edge [fontname=helvetica] ;
0 [label="Account Balance <= 2.5\ngini = 0.42\nsamples = 1000\nvalue = [300, 700]\nclass = 1", fillcolor="#399de592"] ;
1 [label="Duration of Credit (month) <= 22.5\ngini = 0.4933\nsamples = 543\nvalue = [240, 303]\nclass = 1", fillcolor="#399de535"] ;
0 -> 1 [labeldistance=2.5, labelangle=45, headlabel="True"] ;
2 [label="Payment Status of Previous Credit <= 1.5\ngini = 0.4528\nsamples = 306\nvalue = [106, 200]\nclass = 1", fillcolor="#399de578"] ;
1 -> 2 ;
3 [label="gini = 0.375\nsamples = 28\nvalue = [21, 7]\nclass = 0", fillcolor="#e58139aa"] ;
2 -> 3 ;
4 [label="Duration of Credit (month) <= 11.5\ngini = 0.4245\nsamples = 278\nvalue = [85, 193]\nclass = 1", fillcolor="#399de58f"] ;
2 -> 4 ;
5 [label="Most valuable available asset <= 1.5\ngini = 0.2887\nsamples = 80\nvalue = [14, 66]\nclass = 1", fillcolor="#399de5c9"] ;
4 -> 5 ;
6 [label="Purpose <= 2.5\ngini = 0.0907\nsamples = 42\nvalue = [2, 40]\nclass = 1", fillcolor="#399de5f2"] ;
5 -> 6 ;
7 [label="gini = 0.18\nsamples = 20\nvalue = [2, 18]\nclass = 1", fillcolor="#399de5e3"] ;
6 -> 7 ;
8 [label="gini = 0.0\nsamples = 22\nvalue = [0, 22]\nclass = 1", fillcolor="#399de5ff"] ;
6 -> 8 ;
9 [label="gini = 0.4321\nsamples = 38\nvalue = [12, 26]\nclass = 1", fillcolor="#399de589"] ;
5 -> 9 ;
10 [label="Credit Amount <= 1387.5\ngini = 0.46\nsamples = 198\nvalue = [71, 127]\nclass = 1", fillcolor="#399de570"] ;
4 -> 10 ;
11 [label="Most valuable available asset <= 2.5\ngini = 0.4999\nsamples = 73\nvalue = [37, 36]\nclass = 0", fillcolor="#e5813907"] ;
10 -> 11 ;
12 [label="Account Balance <= 1.5\ngini = 0.4608\nsamples = 50\nvalue = [18, 32]\nclass = 1", fillcolor="#399de570"] ;
11 -> 12 ;
13 [label="gini = 0.4938\nsamples = 27\nvalue = [12, 15]\nclass = 1", fillcolor="#399de533"] ;
12 -> 13 ;
14 [label="gini = 0.3856\nsamples = 23\nvalue = [6, 17]\nclass = 1", fillcolor="#399de5a5"] ;
12 -> 14 ;
15 [label="gini = 0.2873\nsamples = 23\nvalue = [19, 4]\nclass = 0", fillcolor="#e58139c9"] ;
11 -> 15 ;
16 [label="Account Balance <= 1.5\ngini = 0.396\nsamples = 125\nvalue = [34, 91]\nclass = 1", fillcolor="#399de5a0"] ;
10 -> 16 ;
17 [label="Credit Amount <= 2224.5\ngini = 0.4512\nsamples = 64\nvalue = [22, 42]\nclass = 1", fillcolor="#399de579"] ;
16 -> 17 ;
18 [label="gini = 0.2604\nsamples = 26\nvalue = [4, 22]\nclass = 1", fillcolor="#399de5d1"] ;
17 -> 18 ;
19 [label="gini = 0.4986\nsamples = 38\nvalue = [18, 20]\nclass = 1", fillcolor="#399de519"] ;
17 -> 19 ;
20 [label="Payment Status of Previous Credit <= 3.5\ngini = 0.316\nsamples = 61\nvalue = [12, 49]\nclass = 1", fillcolor="#399de5c1"] ;
16 -> 20 ;
21 [label="Credit Amount <= 2764.5\ngini = 0.3926\nsamples = 41\nvalue = [11, 30]\nclass = 1", fillcolor="#399de5a1"] ;
20 -> 21 ;
22 [label="gini = 0.4444\nsamples = 21\nvalue = [7, 14]\nclass = 1", fillcolor="#399de57f"] ;
21 -> 22 ;
23 [label="gini = 0.32\nsamples = 20\nvalue = [4, 16]\nclass = 1", fillcolor="#399de5bf"] ;
21 -> 23 ;
24 [label="gini = 0.095\nsamples = 20\nvalue = [1, 19]\nclass = 1", fillcolor="#399de5f2"] ;
20 -> 24 ;
25 [label="Value Savings/Stocks <= 3.5\ngini = 0.4914\nsamples = 237\nvalue = [134, 103]\nclass = 0", fillcolor="#e581393b"] ;
1 -> 25 ;
26 [label="Duration of Credit (month) <= 47.5\ngini = 0.47\nsamples = 196\nvalue = [122, 74]\nclass = 0", fillcolor="#e5813964"] ;
25 -> 26 ;
27 [label="Credit Amount <= 2313.0\ngini = 0.4905\nsamples = 160\nvalue = [91, 69]\nclass = 0", fillcolor="#e581393e"] ;
26 -> 27 ;
28 [label="gini = 0.3682\nsamples = 37\nvalue = [28, 9]\nclass = 0", fillcolor="#e58139ad"] ;
27 -> 28 ;
29 [label="Credit Amount <= 8015.5\ngini = 0.4997\nsamples = 123\nvalue = [63, 60]\nclass = 0", fillcolor="#e581390c"] ;
27 -> 29 ;
30 [label="Credit Amount <= 5332.0\ngini = 0.4968\nsamples = 100\nvalue = [46, 54]\nclass = 1", fillcolor="#399de526"] ;
29 -> 30 ;
31 [label="Credit Amount <= 3962.0\ngini = 0.498\nsamples = 79\nvalue = [42, 37]\nclass = 0", fillcolor="#e581391e"] ;
30 -> 31 ;
32 [label="Age (years) <= 35.5\ngini = 0.489\nsamples = 54\nvalue = [23, 31]\nclass = 1", fillcolor="#399de542"] ;
31 -> 32 ;
33 [label="gini = 0.5\nsamples = 34\nvalue = [17, 17]\nclass = 0", fillcolor="#e5813900"] ;
32 -> 33 ;
34 [label="gini = 0.42\nsamples = 20\nvalue = [6, 14]\nclass = 1", fillcolor="#399de592"] ;
32 -> 34 ;
35 [label="gini = 0.3648\nsamples = 25\nvalue = [19, 6]\nclass = 0", fillcolor="#e58139ae"] ;
31 -> 35 ;
36 [label="gini = 0.3084\nsamples = 21\nvalue = [4, 17]\nclass = 1", fillcolor="#399de5c3"] ;
30 -> 36 ;
37 [label="gini = 0.3856\nsamples = 23\nvalue = [17, 6]\nclass = 0", fillcolor="#e58139a5"] ;
29 -> 37 ;
38 [label="gini = 0.2392\nsamples = 36\nvalue = [31, 5]\nclass = 0", fillcolor="#e58139d6"] ;
26 -> 38 ;
39 [label="Length of current employment <= 3.5\ngini = 0.414\nsamples = 41\nvalue = [12, 29]\nclass = 1", fillcolor="#399de595"] ;
25 -> 39 ;
40 [label="gini = 0.32\nsamples = 20\nvalue = [4, 16]\nclass = 1", fillcolor="#399de5bf"] ;
39 -> 40 ;
41 [label="gini = 0.4717\nsamples = 21\nvalue = [8, 13]\nclass = 1", fillcolor="#399de562"] ;
39 -> 41 ;
42 [label="Length of current employment <= 3.5\ngini = 0.2281\nsamples = 457\nvalue = [60, 397]\nclass = 1", fillcolor="#399de5d8"] ;
0 -> 42 [labeldistance=2.5, labelangle=-45, headlabel="False"] ;
43 [label="Credit Amount <= 4158.0\ngini = 0.2966\nsamples = 243\nvalue = [44, 199]\nclass = 1", fillcolor="#399de5c7"] ;
42 -> 43 ;
44 [label="Purpose <= 4.5\ngini = 0.2235\nsamples = 195\nvalue = [25, 170]\nclass = 1", fillcolor="#399de5da"] ;
43 -> 44 ;
45 [label="Payment Status of Previous Credit <= 2.5\ngini = 0.178\nsamples = 162\nvalue = [16, 146]\nclass = 1", fillcolor="#399de5e3"] ;
44 -> 45 ;
46 [label="Occupation <= 2.5\ngini = 0.2349\nsamples = 103\nvalue = [14, 89]\nclass = 1", fillcolor="#399de5d7"] ;
45 -> 46 ;
47 [label="gini = 0.4234\nsamples = 23\nvalue = [7, 16]\nclass = 1", fillcolor="#399de58f"] ;
46 -> 47 ;
48 [label="Sex & Marital Status <= 2.5\ngini = 0.1597\nsamples = 80\nvalue = [7, 73]\nclass = 1", fillcolor="#399de5e7"] ;
46 -> 48 ;
49 [label="gini = 0.2509\nsamples = 34\nvalue = [5, 29]\nclass = 1", fillcolor="#399de5d3"] ;
48 -> 49 ;
50 [label="Purpose <= 2.5\ngini = 0.0832\nsamples = 46\nvalue = [2, 44]\nclass = 1", fillcolor="#399de5f3"] ;
48 -> 50 ;
51 [label="gini = 0.0\nsamples = 26\nvalue = [0, 26]\nclass = 1", fillcolor="#399de5ff"] ;
50 -> 51 ;
52 [label="gini = 0.18\nsamples = 20\nvalue = [2, 18]\nclass = 1", fillcolor="#399de5e3"] ;
50 -> 52 ;
53 [label="Credit Amount <= 1665.0\ngini = 0.0655\nsamples = 59\nvalue = [2, 57]\nclass = 1", fillcolor="#399de5f6"] ;
45 -> 53 ;
54 [label="gini = 0.1207\nsamples = 31\nvalue = [2, 29]\nclass = 1", fillcolor="#399de5ed"] ;
53 -> 54 ;
55 [label="gini = 0.0\nsamples = 28\nvalue = [0, 28]\nclass = 1", fillcolor="#399de5ff"] ;
53 -> 55 ;
56 [label="gini = 0.3967\nsamples = 33\nvalue = [9, 24]\nclass = 1", fillcolor="#399de59f"] ;
44 -> 56 ;
57 [label="No of Credits at this Bank <= 1.5\ngini = 0.4783\nsamples = 48\nvalue = [19, 29]\nclass = 1", fillcolor="#399de558"] ;
43 -> 57 ;
58 [label="gini = 0.3856\nsamples = 23\nvalue = [6, 17]\nclass = 1", fillcolor="#399de5a5"] ;
57 -> 58 ;
59 [label="gini = 0.4992\nsamples = 25\nvalue = [13, 12]\nclass = 0", fillcolor="#e5813914"] ;
57 -> 59 ;
60 [label="No of dependents <= 1.5\ngini = 0.1384\nsamples = 214\nvalue = [16, 198]\nclass = 1", fillcolor="#399de5ea"] ;
42 -> 60 ;
61 [label="Age (years) <= 31.5\ngini = 0.0887\nsamples = 172\nvalue = [8, 164]\nclass = 1", fillcolor="#399de5f3"] ;
60 -> 61 ;
62 [label="Duration of Credit (month) <= 21.5\ngini = 0.2112\nsamples = 50\nvalue = [6, 44]\nclass = 1", fillcolor="#399de5dc"] ;
61 -> 62 ;
63 [label="gini = 0.3299\nsamples = 24\nvalue = [5, 19]\nclass = 1", fillcolor="#399de5bc"] ;
62 -> 63 ;
64 [label="gini = 0.074\nsamples = 26\nvalue = [1, 25]\nclass = 1", fillcolor="#399de5f5"] ;
62 -> 64 ;
65 [label="Duration of Credit (month) <= 23.0\ngini = 0.0322\nsamples = 122\nvalue = [2, 120]\nclass = 1", fillcolor="#399de5fb"] ;
61 -> 65 ;
66 [label="gini = 0.0\nsamples = 67\nvalue = [0, 67]\nclass = 1", fillcolor="#399de5ff"] ;
65 -> 66 ;
67 [label="Credit Amount <= 2640.5\ngini = 0.0701\nsamples = 55\nvalue = [2, 53]\nclass = 1", fillcolor="#399de5f5"] ;
65 -> 67 ;
68 [label="gini = 0.18\nsamples = 20\nvalue = [2, 18]\nclass = 1", fillcolor="#399de5e3"] ;
67 -> 68 ;
69 [label="gini = 0.0\nsamples = 35\nvalue = [0, 35]\nclass = 1", fillcolor="#399de5ff"] ;
67 -> 69 ;
70 [label="Credit Amount <= 1582.0\ngini = 0.3084\nsamples = 42\nvalue = [8, 34]\nclass = 1", fillcolor="#399de5c3"] ;
60 -> 70 ;
71 [label="gini = 0.42\nsamples = 20\nvalue = [6, 14]\nclass = 1", fillcolor="#399de592"] ;
70 -> 71 ;
72 [label="gini = 0.1653\nsamples = 22\nvalue = [2, 20]\nclass = 1", fillcolor="#399de5e6"] ;
70 -> 72 ;
}